<?xml version="1.0" encoding="UTF-8"?>
<testsuite name="Login Test"
           tests="5"
           failures="0"
           errors="0"
           skipped="0"
           time="9.496">
  <properties />
  
  
            <testcase name="bankManagerShouldAddCustomerSuccessfully" time="1.764" classname="com.bank.testsuite.BankTest" />
                <testcase name="customerShouldWithdrawMoneySuccessfully" time="2.324" classname="com.bank.testsuite.BankTest" />
                <testcase name="bankManagerShouldOpenAccountSuccessfully" time="1.797" classname="com.bank.testsuite.BankTest" />
                <testcase name="customerShouldDepositMoneySuccessfully" time="2.061" classname="com.bank.testsuite.BankTest" />
                <testcase name="customerShouldLoginAndLogoutSuccessfully" time="1.550" classname="com.bank.testsuite.BankTest" />
      
</testsuite>
